{
  "RSpec": {
    "coverage": {
      "/app/app/helpers/application_helper.rb": {
        "lines": [
          1,
          null
        ]
      },
      "/app/app/services/order_processing_service.rb": {
        "lines": [
          1,
          1,
          null,
          1,
          1,
          20,
          null,
          null,
          1,
          null,
          19,
          18,
          null,
          17,
          23,
          null,
          8,
          null,
          8,
          null,
          4,
          null,
          3,
          null,
          null,
          23,
          null,
          null,
          23,
          null,
          2,
          null,
          null,
          17,
          1,
          1,
          null,
          null,
          null,
          1,
          null,
          1,
          8,
          null,
          8,
          7,
          7,
          7,
          null,
          7,
          1,
          1,
          null,
          null,
          null,
          1,
          null,
          8,
          7,
          6,
          3,
          3,
          2,
          null,
          1,
          null,
          null,
          1,
          null,
          1,
          1,
          null,
          null,
          null,
          1,
          4,
          null,
          null
        ]
      },
      "/app/app/models/order.rb": {
        "lines": [
          1,
          1,
          1,
          null
        ]
      },
      "/app/app/models/application_record.rb": {
        "lines": [
          1,
          1,
          null
        ]
      },
      "/app/app/channels/application_cable/channel.rb": {
        "lines": [
          0,
          0,
          0,
          0
        ],
        "branches": {
        }
      },
      "/app/app/channels/application_cable/connection.rb": {
        "lines": [
          0,
          0,
          0,
          0
        ],
        "branches": {
        }
      },
      "/app/app/controllers/application_controller.rb": {
        "lines": [
          0,
          0,
          0
        ],
        "branches": {
        }
      },
      "/app/app/controllers/users_controller.rb": {
        "lines": [
          0,
          0,
          null,
          null,
          0,
          0,
          0,
          0,
          null,
          null,
          0,
          0,
          0,
          null,
          null,
          0,
          0,
          0,
          0,
          0,
          0,
          0,
          0,
          null,
          null,
          0,
          0,
          0,
          0,
          0,
          0,
          0,
          null,
          null,
          0,
          0,
          0,
          0,
          null,
          0,
          null,
          0,
          0,
          0,
          0,
          0,
          null,
          0,
          0,
          0,
          0
        ],
        "branches": {
        }
      },
      "/app/app/jobs/application_job.rb": {
        "lines": [
          0,
          null,
          null,
          null,
          null,
          null,
          0
        ],
        "branches": {
        }
      },
      "/app/app/mailers/application_mailer.rb": {
        "lines": [
          0,
          0,
          0,
          0
        ],
        "branches": {
        }
      },
      "/app/app/models/user.rb": {
        "lines": [
          0,
          0,
          null,
          0,
          null,
          0,
          0
        ],
        "branches": {
        }
      }
    },
    "timestamp": 1743751837
  }
}
